-------------------------------------------------------------------------------
Test set: APIController.ControllerTests
-------------------------------------------------------------------------------
Tests run: 2, Failures: 2, Errors: 0, Skipped: 0, Time elapsed: 2.899 s <<< FAILURE! - in APIController.ControllerTests
noParamGreetingShouldReturnDefaultMessage(APIController.ControllerTests)  Time elapsed: 0.158 s  <<< FAILURE!
java.lang.AssertionError: Status expected:<200> but was:<404>
	at APIController.ControllerTests.noParamGreetingShouldReturnDefaultMessage(ControllerTests.java:42)

paramGreetingShouldReturnTailoredMessage(APIController.ControllerTests)  Time elapsed: 0.038 s  <<< FAILURE!
java.lang.AssertionError: Status expected:<200> but was:<404>
	at APIController.ControllerTests.paramGreetingShouldReturnTailoredMessage(ControllerTests.java:50)

